SF:lib/blocs/repos/events.dart
DA:8,0
DA:16,0
DA:18,0
DA:27,0
DA:29,0
LF:5
LH:0
end_of_record
SF:lib/blocs/repos/models.dart
DA:2,1
LF:1
LH:1
end_of_record
SF:lib/blocs/repos/my_repos_bloc.dart
DA:16,3
DA:19,0
DA:23,0
DA:24,0
DA:27,0
DA:28,0
DA:31,0
DA:32,0
DA:36,0
DA:38,0
DA:41,0
DA:43,0
DA:44,0
DA:49,0
DA:52,0
DA:53,0
DA:54,0
DA:55,0
DA:57,0
DA:59,0
DA:62,0
DA:64,0
DA:82,0
DA:84,0
DA:85,0
DA:86,0
DA:87,0
DA:92,0
DA:93,0
DA:94,0
DA:97,0
DA:99,0
DA:101,0
DA:103,0
DA:107,0
DA:109,0
DA:110,0
DA:111,0
DA:112,0
DA:116,0
DA:117,0
DA:118,0
DA:120,0
DA:122,0
DA:126,0
DA:127,0
DA:133,0
LF:47
LH:1
end_of_record
SF:lib/blocs/repos/states.dart
DA:8,2
DA:12,1
DA:19,1
DA:20,0
DA:21,2
DA:23,1
DA:24,2
DA:30,0
DA:32,0
LF:9
LH:6
end_of_record
SF:lib/repository.dart
DA:15,0
DA:17,0
DA:18,0
DA:19,0
DA:20,0
DA:23,0
DA:27,0
DA:30,0
DA:32,0
DA:34,0
DA:35,0
DA:36,0
DA:37,0
DA:41,0
LF:14
LH:0
end_of_record
