SF:lib/src/widgets/graphql_consumer.dart
DA:10,1
DA:13,0
DA:17,1
DA:20,1
LF:4
LH:3
end_of_record
SF:lib/src/widgets/graphql_provider.dart
DA:6,1
DA:10,1
DA:15,2
DA:16,3
DA:18,1
DA:19,1
DA:23,0
DA:25,1
DA:27,1
DA:29,4
DA:32,1
DA:34,4
DA:36,1
DA:39,1
DA:41,1
DA:42,2
DA:43,2
DA:49,1
DA:52,1
DA:53,1
DA:55,2
DA:57,2
DA:58,1
DA:65,0
DA:67,0
LF:25
LH:22
end_of_record
SF:lib/src/widgets/query.dart
DA:21,1
DA:25,1
DA:30,1
DA:31,1
DA:38,4
DA:40,1
DA:41,2
DA:42,4
DA:45,1
DA:47,1
DA:48,3
DA:49,2
DA:50,1
DA:51,1
DA:55,1
DA:57,1
DA:59,3
DA:61,1
DA:62,3
DA:63,2
DA:65,3
DA:66,1
DA:70,1
DA:72,2
DA:73,1
DA:76,1
DA:78,1
DA:79,2
DA:80,2
DA:81,1
DA:85,3
DA:86,1
DA:87,2
DA:88,2
LF:34
LH:34
end_of_record
SF:lib/src/widgets/cache_provider.dart
DA:8,0
DA:11,0
DA:15,0
DA:16,0
DA:23,0
DA:25,0
DA:27,0
DA:30,0
DA:33,0
DA:34,0
DA:38,0
DA:41,0
DA:43,0
DA:45,0
DA:75,0
DA:76,0
LF:16
LH:0
end_of_record
SF:lib/src/widgets/mutation.dart
DA:20,0
DA:24,0
DA:29,0
DA:30,0
DA:39,0
DA:40,0
DA:41,0
DA:42,0
DA:43,0
DA:44,0
DA:45,0
DA:46,0
DA:48,0
DA:50,0
DA:55,0
DA:56,0
DA:57,0
DA:58,0
DA:59,0
DA:66,0
DA:67,0
DA:68,0
DA:71,0
DA:73,0
DA:74,0
DA:75,0
DA:76,0
DA:77,0
DA:81,0
DA:83,0
DA:86,0
DA:87,0
DA:93,0
DA:97,0
DA:98,0
DA:99,0
DA:100,0
DA:103,0
DA:104,0
DA:105,0
DA:106,0
DA:108,0
DA:111,0
DA:113,0
DA:114,0
DA:117,0
DA:119,0
DA:120,0
DA:121,0
DA:122,0
DA:126,0
DA:127,0
DA:128,0
LF:53
LH:0
end_of_record
SF:lib/src/widgets/subscription.dart
DA:68,0
DA:73,0
DA:79,0
DA:80,0
DA:90,0
DA:91,0
DA:93,0
DA:94,0
DA:95,0
DA:101,0
DA:103,0
DA:104,0
DA:106,0
DA:109,0
DA:111,0
DA:112,0
DA:113,0
DA:114,0
DA:115,0
DA:119,0
DA:121,0
DA:123,0
DA:124,0
DA:128,0
DA:130,0
DA:131,0
DA:134,0
DA:136,0
DA:137,0
DA:138,0
DA:139,0
DA:143,0
DA:145,0
DA:146,0
DA:147,0
DA:148,0
DA:151,0
DA:152,0
DA:155,0
DA:158,0
DA:162,0
DA:164,0
DA:165,0
DA:166,0
DA:167,0
DA:169,0
DA:170,0
DA:171,0
DA:175,0
LF:49
LH:0
end_of_record
SF:lib/src/widgets/result_accumulator.dart
DA:11,0
DA:13,0
DA:14,0
DA:15,0
DA:24,0
DA:30,0
DA:47,0
DA:48,0
DA:54,0
DA:56,0
DA:57,0
DA:60,0
DA:62,0
DA:64,0
DA:66,0
DA:67,0
DA:72,0
DA:74,0
LF:18
LH:0
end_of_record
SF:lib/src/hive_init.dart
DA:18,1
DA:19,1
DA:21,2
DA:22,1
DA:24,0
DA:26,2
DA:29,2
DA:30,3
LF:8
LH:7
end_of_record
